<?xml version="1.0" encoding="UTF-8" ?>
<testsuite tests="9" failures="1" name="PlayerLogic.PlayerMoverTest" time="0.624" errors="0" skipped="0">
  <properties>
[...]
</properties>
  <testcase classname="PlayerLogic.PlayerMoverTest" name="testMovePlayerOneStep" time="0.137"/>
  <testcase classname="PlayerLogic.PlayerMoverTest" name="testMoveRouteVasenAlaKulma" time="0"/>
  <testcase classname="PlayerLogic.PlayerMoverTest" name="testMoveRouteAlasYos" time="0"/>
  <testcase classname="PlayerLogic.PlayerMoverTest" name="testMoveRouteYksiVasemmalle" time="0"/>
  <testcase classname="PlayerLogic.PlayerMoverTest" name="testMoveRouteVasenOikee" time="0"/>
  <testcase classname="PlayerLogic.PlayerMoverTest" name="testMovePlayerOneStep2" time="0.379"/>
  <testcase classname="PlayerLogic.PlayerMoverTest" name="testMovePlayerOneStep3" time="0.014"/>
  <testcase classname="PlayerLogic.PlayerMoverTest" name="testMovePlayerOneStep4" time="0.025"/>
  <testcase classname="PlayerLogic.PlayerMoverTest" name="testMovePlayer" time="0.001">
    <failure message="expected:&lt;11&gt; but was:&lt;12&gt;" type="java.lang.AssertionError">java.lang.AssertionError: expected:&lt;11&gt; but was:&lt;12&gt;
	at org.junit.Assert.fail(Assert.java:88)
	at org.junit.Assert.failNotEquals(Assert.java:743)
	at org.junit.Assert.assertEquals(Assert.java:118)
	at org.junit.Assert.assertEquals(Assert.java:555)
	at org.junit.Assert.assertEquals(Assert.java:542)
	at PlayerLogic.PlayerMoverTest.testMovePlayer(PlayerMoverTest.java:283)
	at sun.reflect.NativeMethodAccessorImpl.invoke0(Native Method)
	at sun.reflect.NativeMethodAccessorImpl.invoke(NativeMethodAccessorImpl.java:62)
	at sun.reflect.DelegatingMethodAccessorImpl.invoke(DelegatingMethodAccessorImpl.java:43)
	at java.lang.reflect.Method.invoke(Method.java:497)
	at org.junit.runners.model.FrameworkMethod$1.runReflectiveCall(FrameworkMethod.java:47)
	at org.junit.internal.runners.model.ReflectiveCallable.run(ReflectiveCallable.java:12)
	at org.junit.runners.model.FrameworkMethod.invokeExplosively(FrameworkMethod.java:44)
	at org.junit.internal.runners.statements.InvokeMethod.evaluate(InvokeMethod.java:17)
	at org.junit.internal.runners.statements.RunBefores.evaluate(RunBefores.java:26)
	at org.junit.internal.runners.statements.RunAfters.evaluate(RunAfters.java:27)
	at org.junit.runners.ParentRunner.runLeaf(ParentRunner.java:271)
	at org.junit.runners.BlockJUnit4ClassRunner.runChild(BlockJUnit4ClassRunner.java:70)
	at org.junit.runners.BlockJUnit4ClassRunner.runChild(BlockJUnit4ClassRunner.java:50)
	at org.junit.runners.ParentRunner$3.run(ParentRunner.java:238)
	at org.junit.runners.ParentRunner$1.schedule(ParentRunner.java:63)
	at org.junit.runners.ParentRunner.runChildren(ParentRunner.java:236)
	at org.junit.runners.ParentRunner.access$000(ParentRunner.java:53)
	at org.junit.runners.ParentRunner$2.evaluate(ParentRunner.java:229)
	at org.junit.internal.runners.statements.RunBefores.evaluate(RunBefores.java:26)
	at org.junit.internal.runners.statements.RunAfters.evaluate(RunAfters.java:27)
	at org.junit.runners.ParentRunner.run(ParentRunner.java:309)
	at org.apache.maven.surefire.junit4.JUnit4TestSet.execute(JUnit4TestSet.java:53)
	at org.apache.maven.surefire.junit4.JUnit4Provider.executeTestSet(JUnit4Provider.java:123)
	at org.apache.maven.surefire.junit4.JUnit4Provider.invoke(JUnit4Provider.java:104)
	at sun.reflect.NativeMethodAccessorImpl.invoke0(Native Method)
	at sun.reflect.NativeMethodAccessorImpl.invoke(NativeMethodAccessorImpl.java:62)
	at sun.reflect.DelegatingMethodAccessorImpl.invoke(DelegatingMethodAccessorImpl.java:43)
	at java.lang.reflect.Method.invoke(Method.java:497)
	at org.apache.maven.surefire.util.ReflectionUtils.invokeMethodWithArray(ReflectionUtils.java:164)
	at org.apache.maven.surefire.booter.ProviderFactory$ProviderProxy.invoke(ProviderFactory.java:110)
	at org.apache.maven.surefire.booter.SurefireStarter.invokeProvider(SurefireStarter.java:175)
	at org.apache.maven.surefire.booter.SurefireStarter.runSuitesInProcessWhenForked(SurefireStarter.java:107)
	at org.apache.maven.surefire.booter.ForkedBooter.main(ForkedBooter.java:68)
</failure>
    <system-out>movePlayer
Payton on QB
Payton on kentällä
</system-out>
  </testcase>
</testsuite>